[Mon Mar 31 16:54:31 2014] [notice] FastCGI: process manager initialized (pid 25967)
[Mon Mar 31 16:54:32 2014] [notice] Digest: generating secret for digest authentication ...
[Mon Mar 31 16:54:32 2014] [notice] Digest: done
[Mon Mar 31 16:54:32 2014] [notice] Apache/2.2.26 (Unix) mod_fastcgi/2.4.6 mod_wsgi/3.4 Python/2.7.6 PHP/5.5.10 mod_ssl/2.2.26 OpenSSL/0.9.8y DAV/2 mod_perl/2.0.8 Perl/v5.18.0 configured -- resuming normal operations
[Mon Mar 31 16:54:36 2014] [error] [client fe80::1] File does not exist: /Applications/MAMP/htdocs/docs-assets, referer: http://localhost:8080/MAMP/?language=English
[Mon Mar 31 16:54:54 2014] [notice] caught SIGTERM, shutting down
[Mon Mar 31 17:08:05 2014] [notice] FastCGI: process manager initialized (pid 27905)
[Mon Mar 31 17:08:06 2014] [notice] Digest: generating secret for digest authentication ...
[Mon Mar 31 17:08:06 2014] [notice] Digest: done
[Mon Mar 31 17:08:06 2014] [notice] Apache/2.2.26 (Unix) mod_fastcgi/2.4.6 mod_wsgi/3.4 Python/2.7.6 PHP/5.5.10 mod_ssl/2.2.26 OpenSSL/0.9.8y DAV/2 mod_perl/2.0.8 Perl/v5.18.0 configured -- resuming normal operations
[Mon Mar 31 17:09:20 2014] [notice] caught SIGTERM, shutting down
[Mon Mar 31 17:09:21 2014] [notice] FastCGI: process manager initialized (pid 28256)
[Mon Mar 31 17:09:21 2014] [notice] Digest: generating secret for digest authentication ...
[Mon Mar 31 17:09:21 2014] [notice] Digest: done
[Mon Mar 31 17:09:21 2014] [notice] Apache/2.2.26 (Unix) mod_fastcgi/2.4.6 mod_wsgi/3.4 Python/2.7.6 PHP/5.5.10 mod_ssl/2.2.26 OpenSSL/0.9.8y DAV/2 mod_perl/2.0.8 Perl/v5.18.0 configured -- resuming normal operations
[Mon Mar 31 21:05:41 2014] [notice] caught SIGTERM, shutting down
[Tue Apr 01 12:14:05 2014] [notice] FastCGI: process manager initialized (pid 604)
[Tue Apr 01 12:14:05 2014] [notice] Digest: generating secret for digest authentication ...
[Tue Apr 01 12:14:05 2014] [notice] Digest: done
[Tue Apr 01 12:14:05 2014] [notice] Apache/2.2.26 (Unix) mod_fastcgi/2.4.6 mod_wsgi/3.4 Python/2.7.6 PHP/5.5.10 mod_ssl/2.2.26 OpenSSL/0.9.8y DAV/2 mod_perl/2.0.8 Perl/v5.18.0 configured -- resuming normal operations
[Tue Apr 01 20:10:51 2014] [error] server reached MaxClients setting, consider raising the MaxClients setting
[Tue Apr 01 20:14:15 2014] [notice] FastCGI: process manager initialized (pid 406)
[Tue Apr 01 20:14:19 2014] [notice] Digest: generating secret for digest authentication ...
[Tue Apr 01 20:14:19 2014] [notice] Digest: done
[Tue Apr 01 20:14:19 2014] [notice] Apache/2.2.26 (Unix) mod_fastcgi/2.4.6 mod_wsgi/3.4 Python/2.7.6 PHP/5.5.10 mod_ssl/2.2.26 OpenSSL/0.9.8y DAV/2 mod_perl/2.0.8 Perl/v5.18.0 configured -- resuming normal operations
[Tue Apr 01 20:20:46 2014] [error] server reached MaxClients setting, consider raising the MaxClients setting
[Tue Apr 01 20:24:39 2014] [notice] FastCGI: process manager initialized (pid 427)
[Tue Apr 01 20:24:41 2014] [notice] Digest: generating secret for digest authentication ...
[Tue Apr 01 20:24:41 2014] [notice] Digest: done
[Tue Apr 01 20:24:42 2014] [notice] Apache/2.2.26 (Unix) mod_fastcgi/2.4.6 mod_wsgi/3.4 Python/2.7.6 PHP/5.5.10 mod_ssl/2.2.26 OpenSSL/0.9.8y DAV/2 mod_perl/2.0.8 Perl/v5.18.0 configured -- resuming normal operations
[Tue Apr 01 20:24:48 2014] [notice] caught SIGTERM, shutting down
[Tue Apr 01 20:24:54 2014] [notice] FastCGI: process manager initialized (pid 620)
[Tue Apr 01 20:24:55 2014] [notice] Digest: generating secret for digest authentication ...
[Tue Apr 01 20:24:55 2014] [notice] Digest: done
[Tue Apr 01 20:24:55 2014] [notice] Apache/2.2.26 (Unix) mod_fastcgi/2.4.6 mod_wsgi/3.4 Python/2.7.6 PHP/5.5.10 mod_ssl/2.2.26 OpenSSL/0.9.8y DAV/2 mod_perl/2.0.8 Perl/v5.18.0 configured -- resuming normal operations
[Tue Apr 01 20:30:40 2014] [error] server reached MaxClients setting, consider raising the MaxClients setting
